[15-Dec-2025 03:28:11 Europe/Berlin] Checkout initiated for User ID: 2
[15-Dec-2025 03:28:11 Europe/Berlin] Input received. Processing address...
[15-Dec-2025 03:28:11 Europe/Berlin] Address processed (ID: 1). Creating order...
[15-Dec-2025 03:28:11 Europe/Berlin] Order created (ID: 3). Adding items...
[15-Dec-2025 03:28:11 Europe/Berlin] Recording payment...
[15-Dec-2025 03:34:12 Europe/Berlin] Checkout initiated for User ID: 2
[15-Dec-2025 03:34:12 Europe/Berlin] Input received. Processing address...
[15-Dec-2025 03:34:12 Europe/Berlin] Address processed (ID: 1). Creating order...
[15-Dec-2025 03:34:12 Europe/Berlin] Order created (ID: 4). Adding items...
[15-Dec-2025 03:34:12 Europe/Berlin] Recording payment...
[15-Dec-2025 03:36:52 Europe/Berlin] Checkout initiated for User ID: 2
[15-Dec-2025 03:36:52 Europe/Berlin] Input received. Processing address...
[15-Dec-2025 03:36:52 Europe/Berlin] Address processed (ID: 1). Creating order...
[15-Dec-2025 03:36:52 Europe/Berlin] Order created (ID: 5). Adding items...
[15-Dec-2025 03:36:52 Europe/Berlin] Recording payment...
[15-Dec-2025 03:41:20 Europe/Berlin] Checkout initiated for User ID: 2
[15-Dec-2025 03:41:20 Europe/Berlin] Input received. Processing address...
[15-Dec-2025 03:41:20 Europe/Berlin] Address processed (ID: 1). Creating order...
[15-Dec-2025 03:41:20 Europe/Berlin] Order created (ID: 6). Adding items...
[15-Dec-2025 03:41:20 Europe/Berlin] Recording payment...
[15-Dec-2025 04:17:00 Europe/Berlin] Checkout initiated for User ID: 2
[15-Dec-2025 04:17:00 Europe/Berlin] Input received. Processing address...
[15-Dec-2025 04:17:00 Europe/Berlin] Address processed (ID: 1). Creating order...
[15-Dec-2025 04:17:00 Europe/Berlin] Order created (ID: 1). Adding items...
[15-Dec-2025 04:17:00 Europe/Berlin] Recording payment...
[15-Dec-2025 04:17:50 Europe/Berlin] Checkout initiated for User ID: 2
[15-Dec-2025 04:17:50 Europe/Berlin] Input received. Processing address...
[15-Dec-2025 04:17:50 Europe/Berlin] Address processed (ID: 1). Creating order...
[15-Dec-2025 04:17:50 Europe/Berlin] Order created (ID: 2). Adding items...
[15-Dec-2025 04:17:50 Europe/Berlin] Recording payment...
